<?xml version="1.0" encoding="UTF-8"?>
<!-- Generated by org.testng.reporters.JUnitReportReporter -->
<testsuite skipped="0" hostname="BEHERB2-L1" name="sanity.TC_1_Get_Request_Weather" tests="1" failures="0" timestamp="14 Mar 2021 05:19:45 GMT" time="2.649" errors="0">
  <testcase name="getWeatherDetails" time="2.649" classname="sanity.TC_1_Get_Request_Weather"/>
</testsuite> <!-- sanity.TC_1_Get_Request_Weather -->
